PushSDK/build/outputs/logs/manifest-merger-debug-report.txt
-- Merging decision tree log ---
manifest
ADDED from NewJUST\PushSDK\AndroidManifest.xml:3:1-169:12
INJECTED from NewJUST\PushSDK\AndroidManifest.xml:3:1-169:12
INJECTED from NewJUST\PushSDK\AndroidManifest.xml:3:1-169:12
INJECTED from NewJUST\PushSDK\AndroidManifest.xml:3:1-169:12
INJECTED from NewJUST\PushSDK\AndroidManifest.xml:3:1-169:12
INJECTED from NewJUST\PushSDK\AndroidManifest.xml:3:1-169:12
INJECTED from NewJUST\PushSDK\AndroidManifest.xml:3:1-169:12
	package
		ADDED from NewJUST\PushSDK\AndroidManifest.xml:4:5-36
		INJECTED from NewJUST\PushSDK\AndroidManifest.xml
		INJECTED from NewJUST\PushSDK\AndroidManifest.xml
	android:versionName
		ADDED from NewJUST\PushSDK\AndroidManifest.xml:6:5-30
		INJECTED from NewJUST\PushSDK\AndroidManifest.xml
		INJECTED from NewJUST\PushSDK\AndroidManifest.xml
	xmlns:android
		ADDED from NewJUST\PushSDK\AndroidManifest.xml:3:11-69
	android:versionCode
		ADDED from NewJUST\PushSDK\AndroidManifest.xml:5:5-28
		INJECTED from NewJUST\PushSDK\AndroidManifest.xml
		INJECTED from NewJUST\PushSDK\AndroidManifest.xml
uses-permission#android.permission.INTERNET
ADDED from NewJUST\PushSDK\AndroidManifest.xml:9:5-67
	android:name
		ADDED from NewJUST\PushSDK\AndroidManifest.xml:9:22-64
uses-permission#android.permission.ACCESS_NETWORK_STATE
ADDED from NewJUST\PushSDK\AndroidManifest.xml:10:5-79
	android:name
		ADDED from NewJUST\PushSDK\AndroidManifest.xml:10:22-76
uses-permission#android.permission.ACCESS_WIFI_STATE
ADDED from NewJUST\PushSDK\AndroidManifest.xml:11:5-76
	android:name
		ADDED from NewJUST\PushSDK\AndroidManifest.xml:11:22-73
uses-permission#android.permission.WRITE_EXTERNAL_STORAGE
ADDED from NewJUST\PushSDK\AndroidManifest.xml:12:5-81
	android:name
		ADDED from NewJUST\PushSDK\AndroidManifest.xml:12:22-78
uses-permission#android.permission.WAKE_LOCK
ADDED from NewJUST\PushSDK\AndroidManifest.xml:13:5-68
	android:name
		ADDED from NewJUST\PushSDK\AndroidManifest.xml:13:22-65
uses-permission#android.permission.READ_PHONE_STATE
ADDED from NewJUST\PushSDK\AndroidManifest.xml:14:5-75
	android:name
		ADDED from NewJUST\PushSDK\AndroidManifest.xml:14:22-72
uses-permission#android.permission.BROADCAST_PACKAGE_ADDED
ADDED from NewJUST\PushSDK\AndroidManifest.xml:15:5-82
	android:name
		ADDED from NewJUST\PushSDK\AndroidManifest.xml:15:22-79
uses-permission#android.permission.BROADCAST_PACKAGE_CHANGED
ADDED from NewJUST\PushSDK\AndroidManifest.xml:16:5-84
	android:name
		ADDED from NewJUST\PushSDK\AndroidManifest.xml:16:22-81
uses-permission#android.permission.BROADCAST_PACKAGE_INSTALL
ADDED from NewJUST\PushSDK\AndroidManifest.xml:17:5-84
	android:name
		ADDED from NewJUST\PushSDK\AndroidManifest.xml:17:22-81
uses-permission#android.permission.BROADCAST_PACKAGE_REPLACED
ADDED from NewJUST\PushSDK\AndroidManifest.xml:18:5-85
	android:name
		ADDED from NewJUST\PushSDK\AndroidManifest.xml:18:22-82
uses-permission#android.permission.RESTART_PACKAGES
ADDED from NewJUST\PushSDK\AndroidManifest.xml:20:5-75
	android:name
		ADDED from NewJUST\PushSDK\AndroidManifest.xml:20:22-72
uses-permission#android.permission.GET_TASKS
ADDED from NewJUST\PushSDK\AndroidManifest.xml:21:5-68
	android:name
		ADDED from NewJUST\PushSDK\AndroidManifest.xml:21:22-65
uses-permission#android.permission.RECEIVE_BOOT_COMPLETED
ADDED from NewJUST\PushSDK\AndroidManifest.xml:22:5-81
	android:name
		ADDED from NewJUST\PushSDK\AndroidManifest.xml:22:22-78
uses-permission#android.permission.CHANGE_NETWORK_STATE
ADDED from NewJUST\PushSDK\AndroidManifest.xml:23:5-79
	android:name
		ADDED from NewJUST\PushSDK\AndroidManifest.xml:23:22-76
uses-permission#android.permission.CHANGE_WIFI_STATE
ADDED from NewJUST\PushSDK\AndroidManifest.xml:24:5-76
	android:name
		ADDED from NewJUST\PushSDK\AndroidManifest.xml:24:22-73
application
ADDED from NewJUST\PushSDK\AndroidManifest.xml:27:5-167:19
service#com.taobao.accs.ChannelService
ADDED from NewJUST\PushSDK\AndroidManifest.xml:29:9-39:19
	android:process
		ADDED from NewJUST\PushSDK\AndroidManifest.xml:32:13-39
	android:exported
		ADDED from NewJUST\PushSDK\AndroidManifest.xml:31:13-36
	android:name
		ADDED from NewJUST\PushSDK\AndroidManifest.xml:30:13-58
intent-filter#com.taobao.accs.intent.action.SERVICE
ADDED from NewJUST\PushSDK\AndroidManifest.xml:33:13-35:29
action#com.taobao.accs.intent.action.SERVICE
ADDED from NewJUST\PushSDK\AndroidManifest.xml:34:17-80
	android:name
		ADDED from NewJUST\PushSDK\AndroidManifest.xml:34:25-77
intent-filter#com.taobao.accs.intent.action.ELECTION
ADDED from NewJUST\PushSDK\AndroidManifest.xml:36:13-38:29
action#com.taobao.accs.intent.action.ELECTION
ADDED from NewJUST\PushSDK\AndroidManifest.xml:37:17-81
	android:name
		ADDED from NewJUST\PushSDK\AndroidManifest.xml:37:25-78
service#com.taobao.accs.data.MsgDistributeService
ADDED from NewJUST\PushSDK\AndroidManifest.xml:41:9-47:19
	android:exported
		ADDED from NewJUST\PushSDK\AndroidManifest.xml:43:13-36
	android:name
		ADDED from NewJUST\PushSDK\AndroidManifest.xml:42:13-69
intent-filter#com.taobao.accs.intent.action.RECEIVE
ADDED from NewJUST\PushSDK\AndroidManifest.xml:44:13-46:29
action#com.taobao.accs.intent.action.RECEIVE
ADDED from NewJUST\PushSDK\AndroidManifest.xml:45:17-80
	android:name
		ADDED from NewJUST\PushSDK\AndroidManifest.xml:45:25-77
receiver#com.taobao.accs.EventReceiver
ADDED from NewJUST\PushSDK\AndroidManifest.xml:49:9-65:20
	android:process
		ADDED from NewJUST\PushSDK\AndroidManifest.xml:51:13-39
	android:name
		ADDED from NewJUST\PushSDK\AndroidManifest.xml:50:13-57
intent-filter#android.intent.action.BOOT_COMPLETED
ADDED from NewJUST\PushSDK\AndroidManifest.xml:52:13-54:29
action#android.intent.action.BOOT_COMPLETED
ADDED from NewJUST\PushSDK\AndroidManifest.xml:53:17-79
	android:name
		ADDED from NewJUST\PushSDK\AndroidManifest.xml:53:25-76
intent-filter#android.net.conn.CONNECTIVITY_CHANGE
ADDED from NewJUST\PushSDK\AndroidManifest.xml:55:13-57:29
action#android.net.conn.CONNECTIVITY_CHANGE
ADDED from NewJUST\PushSDK\AndroidManifest.xml:56:17-79
	android:name
		ADDED from NewJUST\PushSDK\AndroidManifest.xml:56:25-76
intent-filter#android.intent.action.PACKAGE_REMOVED
ADDED from NewJUST\PushSDK\AndroidManifest.xml:58:13-61:29
action#android.intent.action.PACKAGE_REMOVED
ADDED from NewJUST\PushSDK\AndroidManifest.xml:59:17-80
	android:name
		ADDED from NewJUST\PushSDK\AndroidManifest.xml:59:25-77
data
ADDED from NewJUST\PushSDK\AndroidManifest.xml:60:17-50
	android:scheme
		ADDED from NewJUST\PushSDK\AndroidManifest.xml:60:23-47
intent-filter#android.intent.action.USER_PRESENT
ADDED from NewJUST\PushSDK\AndroidManifest.xml:62:13-64:29
action#android.intent.action.USER_PRESENT
ADDED from NewJUST\PushSDK\AndroidManifest.xml:63:17-77
	android:name
		ADDED from NewJUST\PushSDK\AndroidManifest.xml:63:25-74
receiver#com.taobao.accs.ServiceReceiver
ADDED from NewJUST\PushSDK\AndroidManifest.xml:67:9-76:20
	android:process
		ADDED from NewJUST\PushSDK\AndroidManifest.xml:69:13-39
	android:name
		ADDED from NewJUST\PushSDK\AndroidManifest.xml:68:13-59
intent-filter#com.taobao.accs.intent.action.COMMAND
ADDED from NewJUST\PushSDK\AndroidManifest.xml:70:13-72:29
action#com.taobao.accs.intent.action.COMMAND
ADDED from NewJUST\PushSDK\AndroidManifest.xml:71:17-80
	android:name
		ADDED from NewJUST\PushSDK\AndroidManifest.xml:71:25-77
intent-filter#com.taobao.accs.intent.action.START_FROM_AGOO
ADDED from NewJUST\PushSDK\AndroidManifest.xml:73:13-75:29
action#com.taobao.accs.intent.action.START_FROM_AGOO
ADDED from NewJUST\PushSDK\AndroidManifest.xml:74:17-88
	android:name
		ADDED from NewJUST\PushSDK\AndroidManifest.xml:74:25-85
service#com.taobao.accs.internal.AccsJobService
ADDED from NewJUST\PushSDK\AndroidManifest.xml:78:9-81:41
	android:process
		ADDED from NewJUST\PushSDK\AndroidManifest.xml:81:13-39
	android:permission
		ADDED from NewJUST\PushSDK\AndroidManifest.xml:80:13-69
	android:name
		ADDED from NewJUST\PushSDK\AndroidManifest.xml:79:13-67
service#com.taobao.accs.ChannelService$KernelService
ADDED from NewJUST\PushSDK\AndroidManifest.xml:83:9-85:42
	android:process
		ADDED from NewJUST\PushSDK\AndroidManifest.xml:85:13-39
	android:name
		ADDED from NewJUST\PushSDK\AndroidManifest.xml:84:13-72
service#org.android.agoo.accs.AgooService
ADDED from NewJUST\PushSDK\AndroidManifest.xml:87:9-93:19
	android:exported
		ADDED from NewJUST\PushSDK\AndroidManifest.xml:89:13-36
	android:name
		ADDED from NewJUST\PushSDK\AndroidManifest.xml:88:13-61
service#com.umeng.message.UmengIntentService
ADDED from NewJUST\PushSDK\AndroidManifest.xml:95:9-102:19
	android:process
		ADDED from NewJUST\PushSDK\AndroidManifest.xml:98:13-39
	android:exported
		ADDED from NewJUST\PushSDK\AndroidManifest.xml:97:13-36
	android:name
		ADDED from NewJUST\PushSDK\AndroidManifest.xml:96:13-64
intent-filter#org.agoo.android.intent.action.RECEIVE
ADDED from NewJUST\PushSDK\AndroidManifest.xml:99:13-101:29
action#org.agoo.android.intent.action.RECEIVE
ADDED from NewJUST\PushSDK\AndroidManifest.xml:100:17-81
	android:name
		ADDED from NewJUST\PushSDK\AndroidManifest.xml:100:25-78
service#com.umeng.message.XiaomiIntentService
ADDED from NewJUST\PushSDK\AndroidManifest.xml:104:9-111:19
	android:process
		ADDED from NewJUST\PushSDK\AndroidManifest.xml:107:13-39
	android:exported
		ADDED from NewJUST\PushSDK\AndroidManifest.xml:106:13-36
	android:name
		ADDED from NewJUST\PushSDK\AndroidManifest.xml:105:13-65
receiver#com.taobao.agoo.AgooCommondReceiver
ADDED from NewJUST\PushSDK\AndroidManifest.xml:113:9-124:20
	android:process
		ADDED from NewJUST\PushSDK\AndroidManifest.xml:116:13-39
	android:exported
		ADDED from NewJUST\PushSDK\AndroidManifest.xml:115:13-36
	android:name
		ADDED from NewJUST\PushSDK\AndroidManifest.xml:114:13-63
intent-filter#${applicationId}.intent.action.COMMAND
ADDED from NewJUST\PushSDK\AndroidManifest.xml:117:13-119:29
action#${applicationId}.intent.action.COMMAND
ADDED from NewJUST\PushSDK\AndroidManifest.xml:118:17-81
	android:name
		ADDED from NewJUST\PushSDK\AndroidManifest.xml:118:25-78
service#com.umeng.message.UmengMessageIntentReceiverService
ADDED from NewJUST\PushSDK\AndroidManifest.xml:126:9-133:19
	android:process
		ADDED from NewJUST\PushSDK\AndroidManifest.xml:129:13-39
	android:exported
		ADDED from NewJUST\PushSDK\AndroidManifest.xml:128:13-36
	android:name
		ADDED from NewJUST\PushSDK\AndroidManifest.xml:127:13-79
intent-filter#org.android.agoo.client.MessageReceiverService
ADDED from NewJUST\PushSDK\AndroidManifest.xml:130:13-132:29
action#org.android.agoo.client.MessageReceiverService
ADDED from NewJUST\PushSDK\AndroidManifest.xml:131:17-89
	android:name
		ADDED from NewJUST\PushSDK\AndroidManifest.xml:131:25-86
receiver#com.umeng.message.NotificationProxyBroadcastReceiver
ADDED from NewJUST\PushSDK\AndroidManifest.xml:135:9-137:40
	android:exported
		ADDED from NewJUST\PushSDK\AndroidManifest.xml:137:13-37
	android:name
		ADDED from NewJUST\PushSDK\AndroidManifest.xml:136:13-80
service#com.umeng.message.UmengMessageCallbackHandlerService
ADDED from NewJUST\PushSDK\AndroidManifest.xml:139:9-154:19
	android:exported
		ADDED from NewJUST\PushSDK\AndroidManifest.xml:141:13-37
	android:name
		ADDED from NewJUST\PushSDK\AndroidManifest.xml:140:13-80
intent-filter#com.umeng.messge.registercallback.action
ADDED from NewJUST\PushSDK\AndroidManifest.xml:142:13-144:29
action#com.umeng.messge.registercallback.action
ADDED from NewJUST\PushSDK\AndroidManifest.xml:143:17-83
	android:name
		ADDED from NewJUST\PushSDK\AndroidManifest.xml:143:25-80
intent-filter#com.umeng.message.enablecallback.action
ADDED from NewJUST\PushSDK\AndroidManifest.xml:145:13-147:29
action#com.umeng.message.enablecallback.action
ADDED from NewJUST\PushSDK\AndroidManifest.xml:146:17-82
	android:name
		ADDED from NewJUST\PushSDK\AndroidManifest.xml:146:25-79
intent-filter#com.umeng.message.disablecallback.action
ADDED from NewJUST\PushSDK\AndroidManifest.xml:148:13-150:29
action#com.umeng.message.disablecallback.action
ADDED from NewJUST\PushSDK\AndroidManifest.xml:149:17-83
	android:name
		ADDED from NewJUST\PushSDK\AndroidManifest.xml:149:25-80
intent-filter#com.umeng.message.message.handler.action
ADDED from NewJUST\PushSDK\AndroidManifest.xml:151:13-153:29
action#com.umeng.message.message.handler.action
ADDED from NewJUST\PushSDK\AndroidManifest.xml:152:17-83
	android:name
		ADDED from NewJUST\PushSDK\AndroidManifest.xml:152:25-80
service#com.umeng.message.UmengDownloadResourceService
ADDED from NewJUST\PushSDK\AndroidManifest.xml:156:9-158:40
	android:exported
		ADDED from NewJUST\PushSDK\AndroidManifest.xml:158:13-37
	android:name
		ADDED from NewJUST\PushSDK\AndroidManifest.xml:157:13-74
provider#com.umeng.message.provider.MessageProvider
ADDED from NewJUST\PushSDK\AndroidManifest.xml:160:9-165:20
	android:authorities
		ADDED from NewJUST\PushSDK\AndroidManifest.xml:162:13-65
	android:exported
		ADDED from NewJUST\PushSDK\AndroidManifest.xml:163:13-37
	android:name
		ADDED from NewJUST\PushSDK\AndroidManifest.xml:161:13-70
grant-uri-permission
ADDED from NewJUST\PushSDK\AndroidManifest.xml:164:13-62
	android:pathPattern
		ADDED from NewJUST\PushSDK\AndroidManifest.xml:164:35-59
uses-sdk
INJECTED from NewJUST\PushSDK\AndroidManifest.xml reason: use-sdk injection requested
INJECTED from NewJUST\PushSDK\AndroidManifest.xml
INJECTED from NewJUST\PushSDK\AndroidManifest.xml
INJECTED from NewJUST\PushSDK\AndroidManifest.xml
INJECTED from NewJUST\PushSDK\AndroidManifest.xml
	android:targetSdkVersion
		INJECTED from NewJUST\PushSDK\AndroidManifest.xml
		ADDED from NewJUST\PushSDK\AndroidManifest.xml
		INJECTED from NewJUST\PushSDK\AndroidManifest.xml
	android:minSdkVersion
		INJECTED from NewJUST\PushSDK\AndroidManifest.xml
		ADDED from NewJUST\PushSDK\AndroidManifest.xml
		INJECTED from NewJUST\PushSDK\AndroidManifest.xml